{"C:\\Users\\heman\\OneDrive\\Desktop\\newreact\\src\\components\\About.js": {"path":"C:\\Users\\heman\\OneDrive\\Desktop\\newreact\\src\\components\\About.js","statementMap":{"0":{"start":{"line":1,"column":14},"end":{"line":10,"column":1}},"1":{"start":{"line":2,"column":2},"end":{"line":9,"column":4}}},"fnMap":{"0":{"name":"(anonymous_0)","decl":{"start":{"line":1,"column":14},"end":{"line":1,"column":15}},"loc":{"start":{"line":1,"column":20},"end":{"line":10,"column":1}},"line":1}},"branchMap":{},"s":{"0":1,"1":1},"f":{"0":1},"b":{},"_coverageSchema":"1a1c01bbd47fc00a2c39e90264f33305004495a9","hash":"e95e712b93a840c2b7b25a1c92563a10947935da"}
,"C:\\Users\\heman\\OneDrive\\Desktop\\newreact\\src\\components\\sum.js": {"path":"C:\\Users\\heman\\OneDrive\\Desktop\\newreact\\src\\components\\sum.js","statementMap":{"0":{"start":{"line":1,"column":19},"end":{"line":3,"column":1}},"1":{"start":{"line":2,"column":2},"end":{"line":2,"column":13}}},"fnMap":{"0":{"name":"(anonymous_0)","decl":{"start":{"line":1,"column":19},"end":{"line":1,"column":20}},"loc":{"start":{"line":1,"column":26},"end":{"line":3,"column":1}},"line":1}},"branchMap":{},"s":{"0":1,"1":1},"f":{"0":1},"b":{},"_coverageSchema":"1a1c01bbd47fc00a2c39e90264f33305004495a9","hash":"2d06dc162f81b346629ecf6bb3dfc83b204119ee"}
}
